<?xml version="1.0" encoding="UTF-8"?>
<testsuite xmlns:xsi="http://www.w3.org/2001/XMLSchema-instance" xsi:noNamespaceSchemaLocation="https://maven.apache.org/surefire/maven-surefire-plugin/xsd/surefire-test-report-3.0.xsd" version="3.0" name="runner.TestRunner" time="78.071" tests="6" errors="0" skipped="0" failures="0">
  <properties>
    <property name="java.specification.version" value="23"/>
    <property name="sun.cpu.isalist" value="amd64"/>
    <property name="sun.jnu.encoding" value="Cp1252"/>
    <property name="java.class.path" value="H:\Java Selenium Training\Demowebshop_tricentis_project\target\test-classes;H:\Java Selenium Training\Demowebshop_tricentis_project\target\classes;C:\Users\saiki\.m2\repository\io\cucumber\cucumber-java\7.3.3\cucumber-java-7.3.3.jar;C:\Users\saiki\.m2\repository\io\cucumber\cucumber-core\7.3.3\cucumber-core-7.3.3.jar;C:\Users\saiki\.m2\repository\io\cucumber\cucumber-gherkin\7.3.3\cucumber-gherkin-7.3.3.jar;C:\Users\saiki\.m2\repository\io\cucumber\cucumber-gherkin-messages\7.3.3\cucumber-gherkin-messages-7.3.3.jar;C:\Users\saiki\.m2\repository\io\cucumber\gherkin\23.0.1\gherkin-23.0.1.jar;C:\Users\saiki\.m2\repository\io\cucumber\messages\18.0.0\messages-18.0.0.jar;C:\Users\saiki\.m2\repository\io\cucumber\tag-expressions\4.1.0\tag-expressions-4.1.0.jar;C:\Users\saiki\.m2\repository\io\cucumber\cucumber-expressions\15.1.1\cucumber-expressions-15.1.1.jar;C:\Users\saiki\.m2\repository\io\cucumber\datatable\7.3.3\datatable-7.3.3.jar;C:\Users\saiki\.m2\repository\io\cucumber\cucumber-plugin\7.3.3\cucumber-plugin-7.3.3.jar;C:\Users\saiki\.m2\repository\io\cucumber\docstring\7.3.3\docstring-7.3.3.jar;C:\Users\saiki\.m2\repository\io\cucumber\html-formatter\19.1.0\html-formatter-19.1.0.jar;C:\Users\saiki\.m2\repository\io\cucumber\ci-environment\9.0.4\ci-environment-9.0.4.jar;C:\Users\saiki\.m2\repository\org\apiguardian\apiguardian-api\1.1.2\apiguardian-api-1.1.2.jar;C:\Users\saiki\.m2\repository\io\cucumber\cucumber-testng\7.3.3\cucumber-testng-7.3.3.jar;C:\Users\saiki\.m2\repository\org\testng\testng\7.4.0\testng-7.4.0.jar;C:\Users\saiki\.m2\repository\com\beust\jcommander\1.78\jcommander-1.78.jar;C:\Users\saiki\.m2\repository\org\webjars\jquery\3.5.1\jquery-3.5.1.jar;C:\Users\saiki\.m2\repository\org\seleniumhq\selenium\selenium-java\4.29.0\selenium-java-4.29.0.jar;C:\Users\saiki\.m2\repository\org\seleniumhq\selenium\selenium-api\4.29.0\selenium-api-4.29.0.jar;C:\Users\saiki\.m2\repository\org\jspecify\jspecify\1.0.0\jspecify-1.0.0.jar;C:\Users\saiki\.m2\repository\org\seleniumhq\selenium\selenium-chrome-driver\4.29.0\selenium-chrome-driver-4.29.0.jar;C:\Users\saiki\.m2\repository\com\google\auto\service\auto-service-annotations\1.1.1\auto-service-annotations-1.1.1.jar;C:\Users\saiki\.m2\repository\org\seleniumhq\selenium\selenium-chromium-driver\4.29.0\selenium-chromium-driver-4.29.0.jar;C:\Users\saiki\.m2\repository\org\seleniumhq\selenium\selenium-json\4.29.0\selenium-json-4.29.0.jar;C:\Users\saiki\.m2\repository\org\seleniumhq\selenium\selenium-manager\4.29.0\selenium-manager-4.29.0.jar;C:\Users\saiki\.m2\repository\org\seleniumhq\selenium\selenium-devtools-v131\4.29.0\selenium-devtools-v131-4.29.0.jar;C:\Users\saiki\.m2\repository\org\seleniumhq\selenium\selenium-devtools-v132\4.29.0\selenium-devtools-v132-4.29.0.jar;C:\Users\saiki\.m2\repository\org\seleniumhq\selenium\selenium-devtools-v133\4.29.0\selenium-devtools-v133-4.29.0.jar;C:\Users\saiki\.m2\repository\org\seleniumhq\selenium\selenium-devtools-v85\4.29.0\selenium-devtools-v85-4.29.0.jar;C:\Users\saiki\.m2\repository\org\seleniumhq\selenium\selenium-edge-driver\4.29.0\selenium-edge-driver-4.29.0.jar;C:\Users\saiki\.m2\repository\org\seleniumhq\selenium\selenium-firefox-driver\4.29.0\selenium-firefox-driver-4.29.0.jar;C:\Users\saiki\.m2\repository\org\seleniumhq\selenium\selenium-http\4.29.0\selenium-http-4.29.0.jar;C:\Users\saiki\.m2\repository\org\seleniumhq\selenium\selenium-ie-driver\4.29.0\selenium-ie-driver-4.29.0.jar;C:\Users\saiki\.m2\repository\org\seleniumhq\selenium\selenium-remote-driver\4.29.0\selenium-remote-driver-4.29.0.jar;C:\Users\saiki\.m2\repository\com\google\guava\guava\33.4.0-jre\guava-33.4.0-jre.jar;C:\Users\saiki\.m2\repository\com\google\guava\failureaccess\1.0.2\failureaccess-1.0.2.jar;C:\Users\saiki\.m2\repository\com\google\guava\listenablefuture\9999.0-empty-to-avoid-conflict-with-guava\listenablefuture-9999.0-empty-to-avoid-conflict-with-guava.jar;C:\Users\saiki\.m2\repository\com\google\code\findbugs\jsr305\3.0.2\jsr305-3.0.2.jar;C:\Users\saiki\.m2\repository\org\checkerframework\checker-qual\3.43.0\checker-qual-3.43.0.jar;C:\Users\saiki\.m2\repository\com\google\errorprone\error_prone_annotations\2.36.0\error_prone_annotations-2.36.0.jar;C:\Users\saiki\.m2\repository\com\google\j2objc\j2objc-annotations\3.0.0\j2objc-annotations-3.0.0.jar;C:\Users\saiki\.m2\repository\io\opentelemetry\semconv\opentelemetry-semconv\1.28.0-alpha\opentelemetry-semconv-1.28.0-alpha.jar;C:\Users\saiki\.m2\repository\io\opentelemetry\opentelemetry-api\1.46.0\opentelemetry-api-1.46.0.jar;C:\Users\saiki\.m2\repository\io\opentelemetry\opentelemetry-context\1.46.0\opentelemetry-context-1.46.0.jar;C:\Users\saiki\.m2\repository\io\opentelemetry\opentelemetry-exporter-logging\1.46.0\opentelemetry-exporter-logging-1.46.0.jar;C:\Users\saiki\.m2\repository\io\opentelemetry\opentelemetry-sdk-common\1.46.0\opentelemetry-sdk-common-1.46.0.jar;C:\Users\saiki\.m2\repository\io\opentelemetry\opentelemetry-sdk-extension-autoconfigure-spi\1.46.0\opentelemetry-sdk-extension-autoconfigure-spi-1.46.0.jar;C:\Users\saiki\.m2\repository\io\opentelemetry\opentelemetry-sdk-extension-autoconfigure\1.46.0\opentelemetry-sdk-extension-autoconfigure-1.46.0.jar;C:\Users\saiki\.m2\repository\io\opentelemetry\opentelemetry-api-incubator\1.46.0-alpha\opentelemetry-api-incubator-1.46.0-alpha.jar;C:\Users\saiki\.m2\repository\io\opentelemetry\opentelemetry-sdk-trace\1.46.0\opentelemetry-sdk-trace-1.46.0.jar;C:\Users\saiki\.m2\repository\io\opentelemetry\opentelemetry-sdk\1.46.0\opentelemetry-sdk-1.46.0.jar;C:\Users\saiki\.m2\repository\io\opentelemetry\opentelemetry-sdk-metrics\1.46.0\opentelemetry-sdk-metrics-1.46.0.jar;C:\Users\saiki\.m2\repository\io\opentelemetry\opentelemetry-sdk-logs\1.46.0\opentelemetry-sdk-logs-1.46.0.jar;C:\Users\saiki\.m2\repository\net\bytebuddy\byte-buddy\1.15.11\byte-buddy-1.15.11.jar;C:\Users\saiki\.m2\repository\org\seleniumhq\selenium\selenium-os\4.29.0\selenium-os-4.29.0.jar;C:\Users\saiki\.m2\repository\org\apache\commons\commons-exec\1.4.0\commons-exec-1.4.0.jar;C:\Users\saiki\.m2\repository\org\seleniumhq\selenium\selenium-safari-driver\4.29.0\selenium-safari-driver-4.29.0.jar;C:\Users\saiki\.m2\repository\org\seleniumhq\selenium\selenium-support\4.29.0\selenium-support-4.29.0.jar;C:\Users\saiki\.m2\repository\org\apache\poi\poi-ooxml\5.2.3\poi-ooxml-5.2.3.jar;C:\Users\saiki\.m2\repository\org\apache\poi\poi-ooxml-lite\5.2.3\poi-ooxml-lite-5.2.3.jar;C:\Users\saiki\.m2\repository\org\apache\xmlbeans\xmlbeans\5.1.1\xmlbeans-5.1.1.jar;C:\Users\saiki\.m2\repository\org\apache\commons\commons-compress\1.21\commons-compress-1.21.jar;C:\Users\saiki\.m2\repository\commons-io\commons-io\2.11.0\commons-io-2.11.0.jar;C:\Users\saiki\.m2\repository\com\github\virtuald\curvesapi\1.07\curvesapi-1.07.jar;C:\Users\saiki\.m2\repository\org\apache\logging\log4j\log4j-api\2.18.0\log4j-api-2.18.0.jar;C:\Users\saiki\.m2\repository\org\apache\commons\commons-collections4\4.4\commons-collections4-4.4.jar;C:\Users\saiki\.m2\repository\org\apache\poi\poi\5.2.3\poi-5.2.3.jar;C:\Users\saiki\.m2\repository\commons-codec\commons-codec\1.15\commons-codec-1.15.jar;C:\Users\saiki\.m2\repository\org\apache\commons\commons-math3\3.6.1\commons-math3-3.6.1.jar;C:\Users\saiki\.m2\repository\com\zaxxer\SparseBitSet\1.2\SparseBitSet-1.2.jar;"/>
    <property name="java.vm.vendor" value="Oracle Corporation"/>
    <property name="sun.arch.data.model" value="64"/>
    <property name="user.variant" value=""/>
    <property name="java.vendor.url" value="https://java.oracle.com/"/>
    <property name="user.timezone" value="Asia/Calcutta"/>
    <property name="os.name" value="Windows 11"/>
    <property name="java.vm.specification.version" value="23"/>
    <property name="sun.java.launcher" value="SUN_STANDARD"/>
    <property name="user.country" value="IN"/>
    <property name="sun.boot.library.path" value="C:\Program Files\Java\jdk-23\bin"/>
    <property name="sun.java.command" value="C:\Users\saiki\AppData\Local\Temp\surefire16501367704214357605\surefirebooter-20250321102957744_3.jar C:\Users\saiki\AppData\Local\Temp\surefire16501367704214357605 2025-03-21T10-29-57_583-jvmRun1 surefire-20250321102957744_1tmp surefire_0-20250321102957744_2tmp"/>
    <property name="jdk.debug" value="release"/>
    <property name="surefire.test.class.path" value="H:\Java Selenium Training\Demowebshop_tricentis_project\target\test-classes;H:\Java Selenium Training\Demowebshop_tricentis_project\target\classes;C:\Users\saiki\.m2\repository\io\cucumber\cucumber-java\7.3.3\cucumber-java-7.3.3.jar;C:\Users\saiki\.m2\repository\io\cucumber\cucumber-core\7.3.3\cucumber-core-7.3.3.jar;C:\Users\saiki\.m2\repository\io\cucumber\cucumber-gherkin\7.3.3\cucumber-gherkin-7.3.3.jar;C:\Users\saiki\.m2\repository\io\cucumber\cucumber-gherkin-messages\7.3.3\cucumber-gherkin-messages-7.3.3.jar;C:\Users\saiki\.m2\repository\io\cucumber\gherkin\23.0.1\gherkin-23.0.1.jar;C:\Users\saiki\.m2\repository\io\cucumber\messages\18.0.0\messages-18.0.0.jar;C:\Users\saiki\.m2\repository\io\cucumber\tag-expressions\4.1.0\tag-expressions-4.1.0.jar;C:\Users\saiki\.m2\repository\io\cucumber\cucumber-expressions\15.1.1\cucumber-expressions-15.1.1.jar;C:\Users\saiki\.m2\repository\io\cucumber\datatable\7.3.3\datatable-7.3.3.jar;C:\Users\saiki\.m2\repository\io\cucumber\cucumber-plugin\7.3.3\cucumber-plugin-7.3.3.jar;C:\Users\saiki\.m2\repository\io\cucumber\docstring\7.3.3\docstring-7.3.3.jar;C:\Users\saiki\.m2\repository\io\cucumber\html-formatter\19.1.0\html-formatter-19.1.0.jar;C:\Users\saiki\.m2\repository\io\cucumber\ci-environment\9.0.4\ci-environment-9.0.4.jar;C:\Users\saiki\.m2\repository\org\apiguardian\apiguardian-api\1.1.2\apiguardian-api-1.1.2.jar;C:\Users\saiki\.m2\repository\io\cucumber\cucumber-testng\7.3.3\cucumber-testng-7.3.3.jar;C:\Users\saiki\.m2\repository\org\testng\testng\7.4.0\testng-7.4.0.jar;C:\Users\saiki\.m2\repository\com\beust\jcommander\1.78\jcommander-1.78.jar;C:\Users\saiki\.m2\repository\org\webjars\jquery\3.5.1\jquery-3.5.1.jar;C:\Users\saiki\.m2\repository\org\seleniumhq\selenium\selenium-java\4.29.0\selenium-java-4.29.0.jar;C:\Users\saiki\.m2\repository\org\seleniumhq\selenium\selenium-api\4.29.0\selenium-api-4.29.0.jar;C:\Users\saiki\.m2\repository\org\jspecify\jspecify\1.0.0\jspecify-1.0.0.jar;C:\Users\saiki\.m2\repository\org\seleniumhq\selenium\selenium-chrome-driver\4.29.0\selenium-chrome-driver-4.29.0.jar;C:\Users\saiki\.m2\repository\com\google\auto\service\auto-service-annotations\1.1.1\auto-service-annotations-1.1.1.jar;C:\Users\saiki\.m2\repository\org\seleniumhq\selenium\selenium-chromium-driver\4.29.0\selenium-chromium-driver-4.29.0.jar;C:\Users\saiki\.m2\repository\org\seleniumhq\selenium\selenium-json\4.29.0\selenium-json-4.29.0.jar;C:\Users\saiki\.m2\repository\org\seleniumhq\selenium\selenium-manager\4.29.0\selenium-manager-4.29.0.jar;C:\Users\saiki\.m2\repository\org\seleniumhq\selenium\selenium-devtools-v131\4.29.0\selenium-devtools-v131-4.29.0.jar;C:\Users\saiki\.m2\repository\org\seleniumhq\selenium\selenium-devtools-v132\4.29.0\selenium-devtools-v132-4.29.0.jar;C:\Users\saiki\.m2\repository\org\seleniumhq\selenium\selenium-devtools-v133\4.29.0\selenium-devtools-v133-4.29.0.jar;C:\Users\saiki\.m2\repository\org\seleniumhq\selenium\selenium-devtools-v85\4.29.0\selenium-devtools-v85-4.29.0.jar;C:\Users\saiki\.m2\repository\org\seleniumhq\selenium\selenium-edge-driver\4.29.0\selenium-edge-driver-4.29.0.jar;C:\Users\saiki\.m2\repository\org\seleniumhq\selenium\selenium-firefox-driver\4.29.0\selenium-firefox-driver-4.29.0.jar;C:\Users\saiki\.m2\repository\org\seleniumhq\selenium\selenium-http\4.29.0\selenium-http-4.29.0.jar;C:\Users\saiki\.m2\repository\org\seleniumhq\selenium\selenium-ie-driver\4.29.0\selenium-ie-driver-4.29.0.jar;C:\Users\saiki\.m2\repository\org\seleniumhq\selenium\selenium-remote-driver\4.29.0\selenium-remote-driver-4.29.0.jar;C:\Users\saiki\.m2\repository\com\google\guava\guava\33.4.0-jre\guava-33.4.0-jre.jar;C:\Users\saiki\.m2\repository\com\google\guava\failureaccess\1.0.2\failureaccess-1.0.2.jar;C:\Users\saiki\.m2\repository\com\google\guava\listenablefuture\9999.0-empty-to-avoid-conflict-with-guava\listenablefuture-9999.0-empty-to-avoid-conflict-with-guava.jar;C:\Users\saiki\.m2\repository\com\google\code\findbugs\jsr305\3.0.2\jsr305-3.0.2.jar;C:\Users\saiki\.m2\repository\org\checkerframework\checker-qual\3.43.0\checker-qual-3.43.0.jar;C:\Users\saiki\.m2\repository\com\google\errorprone\error_prone_annotations\2.36.0\error_prone_annotations-2.36.0.jar;C:\Users\saiki\.m2\repository\com\google\j2objc\j2objc-annotations\3.0.0\j2objc-annotations-3.0.0.jar;C:\Users\saiki\.m2\repository\io\opentelemetry\semconv\opentelemetry-semconv\1.28.0-alpha\opentelemetry-semconv-1.28.0-alpha.jar;C:\Users\saiki\.m2\repository\io\opentelemetry\opentelemetry-api\1.46.0\opentelemetry-api-1.46.0.jar;C:\Users\saiki\.m2\repository\io\opentelemetry\opentelemetry-context\1.46.0\opentelemetry-context-1.46.0.jar;C:\Users\saiki\.m2\repository\io\opentelemetry\opentelemetry-exporter-logging\1.46.0\opentelemetry-exporter-logging-1.46.0.jar;C:\Users\saiki\.m2\repository\io\opentelemetry\opentelemetry-sdk-common\1.46.0\opentelemetry-sdk-common-1.46.0.jar;C:\Users\saiki\.m2\repository\io\opentelemetry\opentelemetry-sdk-extension-autoconfigure-spi\1.46.0\opentelemetry-sdk-extension-autoconfigure-spi-1.46.0.jar;C:\Users\saiki\.m2\repository\io\opentelemetry\opentelemetry-sdk-extension-autoconfigure\1.46.0\opentelemetry-sdk-extension-autoconfigure-1.46.0.jar;C:\Users\saiki\.m2\repository\io\opentelemetry\opentelemetry-api-incubator\1.46.0-alpha\opentelemetry-api-incubator-1.46.0-alpha.jar;C:\Users\saiki\.m2\repository\io\opentelemetry\opentelemetry-sdk-trace\1.46.0\opentelemetry-sdk-trace-1.46.0.jar;C:\Users\saiki\.m2\repository\io\opentelemetry\opentelemetry-sdk\1.46.0\opentelemetry-sdk-1.46.0.jar;C:\Users\saiki\.m2\repository\io\opentelemetry\opentelemetry-sdk-metrics\1.46.0\opentelemetry-sdk-metrics-1.46.0.jar;C:\Users\saiki\.m2\repository\io\opentelemetry\opentelemetry-sdk-logs\1.46.0\opentelemetry-sdk-logs-1.46.0.jar;C:\Users\saiki\.m2\repository\net\bytebuddy\byte-buddy\1.15.11\byte-buddy-1.15.11.jar;C:\Users\saiki\.m2\repository\org\seleniumhq\selenium\selenium-os\4.29.0\selenium-os-4.29.0.jar;C:\Users\saiki\.m2\repository\org\apache\commons\commons-exec\1.4.0\commons-exec-1.4.0.jar;C:\Users\saiki\.m2\repository\org\seleniumhq\selenium\selenium-safari-driver\4.29.0\selenium-safari-driver-4.29.0.jar;C:\Users\saiki\.m2\repository\org\seleniumhq\selenium\selenium-support\4.29.0\selenium-support-4.29.0.jar;C:\Users\saiki\.m2\repository\org\apache\poi\poi-ooxml\5.2.3\poi-ooxml-5.2.3.jar;C:\Users\saiki\.m2\repository\org\apache\poi\poi-ooxml-lite\5.2.3\poi-ooxml-lite-5.2.3.jar;C:\Users\saiki\.m2\repository\org\apache\xmlbeans\xmlbeans\5.1.1\xmlbeans-5.1.1.jar;C:\Users\saiki\.m2\repository\org\apache\commons\commons-compress\1.21\commons-compress-1.21.jar;C:\Users\saiki\.m2\repository\commons-io\commons-io\2.11.0\commons-io-2.11.0.jar;C:\Users\saiki\.m2\repository\com\github\virtuald\curvesapi\1.07\curvesapi-1.07.jar;C:\Users\saiki\.m2\repository\org\apache\logging\log4j\log4j-api\2.18.0\log4j-api-2.18.0.jar;C:\Users\saiki\.m2\repository\org\apache\commons\commons-collections4\4.4\commons-collections4-4.4.jar;C:\Users\saiki\.m2\repository\org\apache\poi\poi\5.2.3\poi-5.2.3.jar;C:\Users\saiki\.m2\repository\commons-codec\commons-codec\1.15\commons-codec-1.15.jar;C:\Users\saiki\.m2\repository\org\apache\commons\commons-math3\3.6.1\commons-math3-3.6.1.jar;C:\Users\saiki\.m2\repository\com\zaxxer\SparseBitSet\1.2\SparseBitSet-1.2.jar;"/>
    <property name="sun.cpu.endian" value="little"/>
    <property name="user.home" value="C:\Users\saiki"/>
    <property name="user.language" value="en"/>
    <property name="java.specification.vendor" value="Oracle Corporation"/>
    <property name="java.version.date" value="2025-01-21"/>
    <property name="java.home" value="C:\Program Files\Java\jdk-23"/>
    <property name="file.separator" value="\"/>
    <property name="basedir" value="H:\Java Selenium Training\Demowebshop_tricentis_project"/>
    <property name="style.color" value="always"/>
    <property name="java.vm.compressedOopsMode" value="Zero based"/>
    <property name="line.separator" value="&#10;"/>
    <property name="java.vm.specification.vendor" value="Oracle Corporation"/>
    <property name="java.specification.name" value="Java Platform API Specification"/>
    <property name="surefire.real.class.path" value="C:\Users\saiki\AppData\Local\Temp\surefire16501367704214357605\surefirebooter-20250321102957744_3.jar"/>
    <property name="user.script" value=""/>
    <property name="sun.management.compiler" value="HotSpot 64-Bit Tiered Compilers"/>
    <property name="java.runtime.version" value="23.0.2+7-58"/>
    <property name="user.name" value="saiki"/>
    <property name="stdout.encoding" value="Cp1252"/>
    <property name="path.separator" value=";"/>
    <property name="os.version" value="10.0"/>
    <property name="java.runtime.name" value="Java(TM) SE Runtime Environment"/>
    <property name="file.encoding" value="UTF-8"/>
    <property name="java.vm.name" value="Java HotSpot(TM) 64-Bit Server VM"/>
    <property name="localRepository" value="C:\Users\saiki\.m2\repository"/>
    <property name="java.vendor.url.bug" value="https://bugreport.java.com/bugreport/"/>
    <property name="java.io.tmpdir" value="C:\Users\saiki\AppData\Local\Temp\"/>
    <property name="java.version" value="23.0.2"/>
    <property name="user.dir" value="H:\Java Selenium Training\Demowebshop_tricentis_project"/>
    <property name="os.arch" value="amd64"/>
    <property name="java.vm.specification.name" value="Java Virtual Machine Specification"/>
    <property name="sun.os.patch.level" value=""/>
    <property name="native.encoding" value="Cp1252"/>
    <property name="java.library.path" value="C:\Program Files\Java\jdk-23\bin;C:\WINDOWS\Sun\Java\bin;C:\WINDOWS\system32;C:\WINDOWS;C:\Program Files\Common Files\Oracle\Java\javapath;C:\windows\system32;C:\windows;C:\windows\System32\Wbem;C:\windows\System32\WindowsPowerShell\v1.0\;C:\windows\System32\OpenSSH\;C:\WINDOWS\system32;C:\WINDOWS;C:\WINDOWS\System32\Wbem;C:\WINDOWS\System32\WindowsPowerShell\v1.0\;C:\WINDOWS\System32\OpenSSH\;C:\Program Files (x86)\NVIDIA Corporation\PhysX\Common;C:\Program Files\NVIDIA Corporation\NVIDIA app\NvDLISR;C:\Program Files\nodejs\;C:\Program Files\Java\jdk-23\bin;C:\Program Files\Git\cmd;C:\Users\saiki\Downloads\apache-maven-3.9.9-bin\apache-maven-3.9.9\bin;C:\Program Files\Git\bin;C:\Program Files\Java\jdk-21\bin;C:\Program Files\MySQL\MySQL Shell 8.0\bin\;C:\Users\saiki\AppData\Local\Programs\Python\Python312\Scripts\;C:\Users\saiki\AppData\Local\Programs\Python\Python312\;C:\Users\saiki\AppData\Local\Microsoft\WindowsApps;C:\Users\saiki\AppData\Local\Programs\Microsoft VS Code\bin;C:\Users\saiki\AppData\Roaming\npm;;."/>
    <property name="java.vm.info" value="mixed mode, sharing"/>
    <property name="stderr.encoding" value="Cp1252"/>
    <property name="java.vendor" value="Oracle Corporation"/>
    <property name="java.vm.version" value="23.0.2+7-58"/>
    <property name="sun.io.unicode.encoding" value="UnicodeLittle"/>
    <property name="java.class.version" value="67.0"/>
  </properties>
  <testcase name="runScenario[&quot;Verify the search bar on the home page&quot;, &quot;Validate Home Page functionality&quot;](1)" classname="runner.TestRunner" time="6.534">
    <system-err><![CDATA[Mar 21, 2025 10:30:00 AM org.openqa.selenium.devtools.CdpVersionFinder findNearestMatch
WARNING: Unable to find an exact match for CDP version 134, returning the closest version; found: 133; Please update to a Selenium version that supports CDP version 134
]]></system-err>
  </testcase>
  <testcase name="runScenario[&quot;Place an order&quot;, &quot;Order Placement&quot;](2)" classname="runner.TestRunner" time="32.555">
    <system-out><![CDATA[
Scenario: Verify the search bar on the home page &amp#27;[90m# src/test/resources/features/HomePage.feature:3&amp#27;[0m
  &amp#27;[32mGiven &amp#27;[0m&amp#27;[32mI open the Demowebshop website&amp#27;[0m           &amp#27;[90m# StepDefinations.HomePageSteps.openWebsite()&amp#27;[0m
  &amp#27;[32mThen &amp#27;[0m&amp#27;[32mI verify the search bar is displayed&amp#27;[0m      &amp#27;[90m# StepDefinations.HomePageSteps.verifySearchBarDisplayed()&amp#27;[0m

Scenario: Place an order                                                                         &amp#27;[90m# src/test/resources/features/OrderPlacement.feature:4&amp#27;[0m
  &amp#27;[32mGiven &amp#27;[0m&amp#27;[32mI open the Demowebshop homepage&amp#27;[0m                                                          &amp#27;[90m# StepDefinations.OrderSteps.openHomepage()&amp#27;[0m
  &amp#27;[32mAnd &amp#27;[0m&amp#27;[32mI click on the item &amp#27;[0m&amp#27;[32m&amp#27;[1m"14.1-inch Laptop"&amp#27;[0m                                                     &amp#27;[90m# StepDefinations.OrderSteps.clickOnItem(java.lang.String)&amp#27;[0m
  &amp#27;[32mWhen &amp#27;[0m&amp#27;[32mI add the item to the cart&amp#27;[0m                                                                &amp#27;[90m# StepDefinations.OrderSteps.addItemToCart()&amp#27;[0m
  &amp#27;[32mAnd &amp#27;[0m&amp#27;[32mI click on the cart&amp#27;[0m                                                                        &amp#27;[90m# StepDefinations.OrderSteps.clickOnShoppingCart()&amp#27;[0m
  &amp#27;[32mAnd &amp#27;[0m&amp#27;[32mI select &amp#27;[0m&amp#27;[32m&amp#27;[1m"I agree"&amp#27;[0m&amp#27;[32m checkbox&amp#27;[0m                                                                &amp#27;[90m# StepDefinations.OrderSteps.selectCheckbox(java.lang.String)&amp#27;[0m
  &amp#27;[32mAnd &amp#27;[0m&amp#27;[32mI click on the checkout button&amp#27;[0m                                                             &amp#27;[90m# StepDefinations.OrderSteps.clickOnCheckout()&amp#27;[0m
  &amp#27;[32mAnd &amp#27;[0m&amp#27;[32mI click on checkout as guest button&amp#27;[0m                                                        &amp#27;[90m# StepDefinations.OrderSteps.clickCheckoutAsGuest()&amp#27;[0m
  &amp#27;[32mAnd &amp#27;[0m&amp#27;[32mI enter billing details:&amp#27;[0m                                                                   &amp#27;[90m# StepDefinations.OrderSteps.enterBillingDetails(io.cucumber.datatable.DataTable)&amp#27;[0m
    | Field             | Value              |
    | First name        | sai                |
    | Last name         | kiriti             |
    | Email             | saikiriti@test.com |
    | Country           | United States      |
    | City              | New York           |
    | Address 1         | 123 Main St        |
    | Zip / postal code | 10001              |
    | Phone number      | 1234567890         |
  &amp#27;[32mAnd &amp#27;[0m&amp#27;[32mI click on continue buttons for Shipping, Payment, and Confirmation&amp#27;[0m                        &amp#27;[90m# StepDefinations.OrderSteps.clickContinueSteps()&amp#27;[0m
  &amp#27;[32mAnd &amp#27;[0m&amp#27;[32mI click on the confirm order button&amp#27;[0m                                                        &amp#27;[90m# StepDefinations.OrderSteps.clickConfirmOrder()&amp#27;[0m
  &amp#27;[32mThen &amp#27;[0m&amp#27;[32mI should see the order confirmation message &amp#27;[0m&amp#27;[32m&amp#27;[1m"Your order has been successfully processed!"&amp#27;[0m &amp#27;[90m# StepDefinations.OrderSteps.verifyOrderConfirmation(java.lang.String)&amp#27;[0m
]]></system-out>
    <system-err><![CDATA[Mar 21, 2025 10:30:06 AM org.openqa.selenium.devtools.CdpVersionFinder findNearestMatch
WARNING: Unable to find an exact match for CDP version 134, returning the closest version; found: 133; Please update to a Selenium version that supports CDP version 134
]]></system-err>
  </testcase>
  <testcase name="runScenario[&quot;Validate product details after searching&quot;, &quot;Product Details Functionality&quot;](3)" classname="runner.TestRunner" time="9.446">
    <system-out><![CDATA[  &amp#27;[32mAnd &amp#27;[0m&amp#27;[32mI click on &amp#27;[0m&amp#27;[32m&amp#27;[1m"Click here for order details."&amp#27;[0m&amp#27;[32m button to view all details&amp#27;[0m                      &amp#27;[90m# StepDefinations.OrderSteps.clickOnOrderDetails(java.lang.String)&amp#27;[0m

Scenario: Validate product details after searching                              &amp#27;[90m# src/test/resources/features/ProductDeatails.feature:3&amp#27;[0m
  &amp#27;[32mGiven &amp#27;[0m&amp#27;[32mI open the Demowebshop&amp#27;[0m                                                  &amp#27;[90m# StepDefinations.ProductDetailsSteps.openDemowebshop()&amp#27;[0m
  &amp#27;[32mWhen &amp#27;[0m&amp#27;[32mI search for a product with keyword &amp#27;[0m&amp#27;[32m&amp#27;[1m"Laptop"&amp#27;[0m                             &amp#27;[90m# StepDefinations.ProductDetailsSteps.searchForProduct(java.lang.String)&amp#27;[0m
  &amp#27;[32mAnd &amp#27;[0m&amp#27;[32mI click on the product for &amp#27;[0m&amp#27;[32m&amp#27;[1m"Laptop"&amp#27;[0m                                       &amp#27;[90m# StepDefinations.ProductDetailsSteps.clickOnProductLink(java.lang.String)&amp#27;[0m
  &amp#27;[32mThen &amp#27;[0m&amp#27;[32mI should see the product title&amp#27;[0m                                           &amp#27;[90m# StepDefinations.ProductDetailsSteps.validateProductTitle()&amp#27;[0m
  &amp#27;[32mAnd &amp#27;[0m&amp#27;[32mI should see the product description&amp#27;[0m                                      &amp#27;[90m# StepDefinations.ProductDetailsSteps.validateProductDescription()&amp#27;[0m
  &amp#27;[32mAnd &amp#27;[0m&amp#27;[32mI should see the product price&amp#27;[0m                                            &amp#27;[90m# StepDefinations.ProductDetailsSteps.validateProductPrice()&amp#27;[0m
  &amp#27;[32mAnd &amp#27;[0m&amp#27;[32mI should see the product image&amp#27;[0m                                            &amp#27;[90m# StepDefinations.ProductDetailsSteps.validateProductImage()&amp#27;[0m
  &amp#27;[32mAnd &amp#27;[0m&amp#27;[32mI should see the product availability status&amp#27;[0m                              &amp#27;[90m# StepDefinations.ProductDetailsSteps.validateProductAvailability()&amp#27;[0m
  &amp#27;[32mAnd &amp#27;[0m&amp#27;[32mI add the product to the cart&amp#27;[0m                                             &amp#27;[90m# StepDefinations.ProductDetailsSteps.addT Expected message not found: The product has been added to your
]]></system-out>
    <system-err><![CDATA[Mar 21, 2025 10:30:38 AM org.openqa.selenium.devtools.CdpVersionFinder findNearestMatch
WARNING: Unable to find an exact match for CDP version 134, returning the closest version; found: 133; Please update to a Selenium version that supports CDP version 134
]]></system-err>
  </testcase>
  <testcase name="runScenario[&quot;Search for a product and filter by category and price range&quot;, &quot;Automate search functionality on the Demowebshop website&quot;](4)" classname="runner.TestRunner" time="6.573">
    <system-out><![CDATA[oCart()&amp#27;[0m
  &amp#27;[32mThen &amp#27;[0m&amp#27;[32mI should see a confirmation message &amp#27;[0m&amp#27;[32m&amp#27;[1m"The product has been added to your"&amp#27;[0m &amp#27;[90m# StepDefinations.ProductDetailsSteps.verifyCartAdditionMessage(java.lang.String)&amp#27;[0m

Scenario: Search for a product and filter by category and price range &amp#27;[90m# src/test/resources/features/Search.feature:3&amp#27;[0m
  &amp#27;[32mGiven &amp#27;[0m&amp#27;[32mopen the Demowebshop&amp#27;[0m                                          &amp#27;[90m# StepDefinations.SearchSteps.openWebsite()&amp#27;[0m
  &amp#27;[32mWhen &amp#27;[0m&amp#27;[32mI search for a product with the keyword from Excel sheet&amp#27;[0m       &amp#27;[90m# StepDefinations.SearchSteps.searchForProductFromExcel()&amp#27;[0m
  &amp#27;[32mAnd &amp#27;[0m&amp#27;[32mI click on the advanced search option&amp#27;[0m                           &amp#27;[90m# StepDefinations.SearchSteps.clickAdvancedSearch()&amp#27;[0m
  &amp#27;[32mThen &amp#27;[0m&amp#27;[32mI filter the results by category &amp#27;[0m&amp#27;[32m&amp#27;[1m" Computers >> Desktops"&amp#27;[0m      &amp#27;[90m# StepDefinations.SearchSteps.filterByCategory(java.lang.String)&amp#27;[0m
]]></system-out>
    <system-err><![CDATA[Mar 21, 2025 10:30:48 AM org.openqa.selenium.devtools.CdpVersionFinder findNearestMatch
WARNING: Unable to find an exact match for CDP version 134, returning the closest version; found: 133; Please update to a Selenium version that supports CDP version 134
ERROR StatusLogger Log4j2 could not find a logging implementation. Please add log4j-core to the classpath. Using SimpleLogger to log to the console...
]]></system-err>
  </testcase>
  <testcase name="runScenario[&quot;Manage items in the shopping cart with multiple products&quot;, &quot;Shopping Cart Functionality&quot;](5)" classname="runner.TestRunner" time="12.812">
    <system-out><![CDATA[  &amp#27;[32mAnd &amp#27;[0m&amp#27;[32mI filter the results by price range from &amp#27;[0m&amp#27;[32m&amp#27;[1m"1000"&amp#27;[0m&amp#27;[32m to &amp#27;[0m&amp#27;[32m&amp#27;[1m"2000"&amp#27;[0m       &amp#27;[90m# StepDefinations.SearchSteps.filterByPriceRange(java.lang.String,java.lang.String)&amp#27;[0m
  &amp#27;[32mAnd &amp#27;[0m&amp#27;[32mI click on the search button to apply filters&amp#27;[0m                   &amp#27;[90m# StepDefinations.SearchSteps.clickSearchButtonToApplyFilters()&amp#27;[0m
  &amp#27;[32mAnd &amp#27;[0m&amp#27;[32mI verify the filtered results are displayed correctly&amp#27;[0m           &amp#27;[90m# StepDefinations.SearchSteps.verifyFilteredResults()&amp#27;[0m

Scenario: Manage items in the shopping cart with multiple products &amp#27;[90m# src/test/resources/features/ShoppingCart.feature:3&amp#27;[0m
  &amp#27;[32mGiven &amp#27;[0m&amp#27;[32mI open the Demowebshop the website&amp#27;[0m                         &amp#27;[90m# StepDefinations.ShoppingCartSteps.iOpenTheDemowebshopWebsite()&amp#27;[0m
  &amp#27;[32mWhen &amp#27;[0m&amp#27;[32mI search for a First product with keyword &amp#27;[0m&amp#27;[32m&amp#27;[1m"Laptop"&amp#27;[0m          &amp#27;[90m# StepDefinations.ShoppingCartSteps.iSearchForAFirstProductWithKeyword(java.lang.String)&amp#27;[0m
  &amp#27;[32mAnd &amp#27;[0m&amp#27;[32mI click on the first product for &amp#27;[0m&amp#27;[32m&amp#27;[1m"Laptop"&amp#27;[0m                    &amp#27;[90m# StepDefinations.ShoppingCartSteps.iClickOnTheFirstProductFor(java.lang.String)&amp#27;[0m
  &amp#27;[32mAnd &amp#27;[0m&amp#27;[32mI add the first product to the cart&amp#27;[0m                          &amp#27;[90m# StepDefinations.ShoppingCartSteps.iAddTheFirstProductToTheCart()&amp#27;[0m
  &amp#27;[32mWhen &amp#27;[0m&amp#27;[32mI search for another product with keyword &amp#27;[0m&amp#27;[32m&amp#27;[1m"Phone"&amp#27;[0m           &amp#27;[90m# StepDefinations.ShoppingCartSteps.iSearchForAnotherProductWithKeyword(java.lang.String)&amp#27;[0m
  &amp#27;[32mAnd &amp#27;[0m&amp#27;[32mI click on the second product for &amp#27;[0m&amp#27;[32m&amp#27;[1m"Phone"&amp#27;[0m                    &amp#27;[90m# StepDefinations.ShoppingCartSteps.iClickOnTheSecondProductFor(java.lang.String)&amp#27;[0m
  &amp#27;[32mAnd &amp#27;[0m&amp#27;[32mI add the second product to the cart&amp#27;[0m                         &amp#27;[90m# StepDefinations.ShoppingCartSteps.iAddTheSecondProductToTheCart()&amp#27;[0m
  &amp#27;[32mThen &amp#27;[0m&amp#27;[32mI click on the shopping cart&amp#27;[0m                                &amp#27;[90m# StepDefinations.ShoppingCartSteps.iClickOnTheShoppingCart()&amp#27;[0m
  &amp#27;[32mAnd &amp#27;[0m&amp#27;[32mI select the checkbox for the first product&amp#27;[0m                  &amp#27;[90m# StepDefinations.ShoppingCartSteps.iSelectTheCheckboxForTheFirstProduct()&amp#27;[0m
  &amp#27;[32mAnd &amp#27;[0m&amp#27;[32mI click on update shopping cart&amp#27;[0m                              &amp#27;[90m# StepDefinations.ShoppingCartSteps.iClickOnUpdateShoppingCart()&amp#27;[0m
  &amp#27;[32mAnd &amp#27;[0m&amp#27;[32mI click on quantity and change it to &amp#27;[0m&amp#27;[32m&amp#27;[1m"6"&amp#27;[0m                     &amp#27;[90m# StepDefinations.ShoppingCartSteps.iClickOnQuantityAndChangeItTo(java.lang.String)]]></system-out>
    <system-err><![CDATA[Mar 21, 2025 10:30:54 AM org.openqa.selenium.devtools.CdpVersionFinder findNearestMatch
WARNING: Unable to find an exact match for CDP version 134, returning the closest version; found: 133; Please update to a Selenium version that supports CDP version 134
]]></system-err>
  </testcase>
  <testcase name="runScenario[&quot;Register a new user&quot;, &quot;User Registration, Login, and Password Recovery&quot;](6)" classname="runner.TestRunner" time="8.847">
    <system-out><![CDATA[&amp#27;[0m
  &amp#27;[32mThen &amp#27;[0m&amp#27;[32mI click on update shopping cart again&amp#27;[0m                       &amp#27;[90m# StepDefinations.ShoppingCartSteps.iClickOnUpdateShoppingCartAgain()&amp#27;[0m
  &amp#27;[32mAnd &amp#27;[0m&amp#27;[32mI select the &amp#27;[0m&amp#27;[32m&amp#27;[1m"I agree"&amp#27;[0m&amp#27;[32m checkbox&amp#27;[0m                              &amp#27;[90m# StepDefinations.ShoppingCartSteps.iSelectTheCheckbox(java.lang.String)&amp#27;[0m
  &amp#27;[32mThen &amp#27;[0m&amp#27;[32mI click on checkout&amp#27;[0m                                         &amp#27;[90m# StepDefinations.ShoppingCartSteps.iClickOnCheckout()&amp#27;[0m

@registraion
Scenario: Register a new user                                                                                                        &amp#27;[90m# src/test/resources/features/UserRegistration.feature:3&amp#27;[0m
  &amp#27;[32mGiven &amp#27;[0m&amp#27;[32mI open Demowebshop&amp#27;[0m                                                                                                           &amp#27;[90m# StepDefinations.UserRegistrationSteps.i_open_demowebshop()&amp#27;[0m
  &amp#27;[32mWhen &amp#27;[0m&amp#27;[32mI navigate to the registration page&amp#27;[0m                                                                                           &amp#27;[90m# StepDefinations.UserRegistrationSteps.i_navigate_to_the_registration_page()&amp#27;[0m
  &amp#27;[32mWhen &amp#27;[0m&amp#27;[32mI register with &amp#27;[0m&amp#27;[32m&amp#27;[1m"sai"&amp#27;[0m&amp#27;[32m and &amp#27;[0m&amp#27;[32m&amp#27;[1m"kiriti"&amp#27;[0m&amp#27;[32m and &amp#27;[0m&amp#27;[32m&amp#27;[1m"sai1267kiriti@gmail.com"&amp#27;[0m&amp#27;[32m and &amp#27;[0m&amp#27;[32m&amp#27;[1m"Sai@369"&amp#27;[0m&amp#27;[32m and &amp#27;[0m&amp#27;[32m&amp#27;[1m"Sai@369"&amp#27;[0m&amp#27;[32m select male checkpoint in gender&amp#27;[0m &amp#27;[90m# StepDefinations.UserRegistrationSteps.i_register_with_and_and_and_and_select_checkpoint_in_gender(java.lang.String,java.lang.String,java.lang.String,java.lang.String,java.lang.String)&amp#27;[0m
  &amp#27;[32mThen &amp#27;[0m&amp#27;[32mI should see the message &amp#27;[0m&amp#27;[32m&amp#27;[1m"Your registration completed"&amp#27;[0m                                                                        &amp#27;[90m# StepDefinations.UserRegistrationSteps.i_should_see_the_message(java.lang.String)&amp#27;[0m
  &amp#27;[32mAnd &amp#27;[0m&amp#27;[32mI click on continue&amp#27;[0m                                                                                                            &amp#27;[90m# StepDefinations.UserRegistrationSteps.i_click_on_continue()&amp#27;[0m
  &amp#27;[32mAnd &amp#27;[0m&amp#27;[32mI verify the text of email and confirm the user is logged in&amp#27;[0m                                                                   &amp#27;[90m# StepDefinations.UserRegistrationSteps.i_verify_the_text_of_email_and_confirm_the_user_is_logged_in()&amp#27;[0m
  &amp#27;[32mAnd &amp#27;[0m&amp#27;[32mI click on logout button&amp#27;[0m                                                                                                       &amp#27;[90m# StepDefina]]></system-out>
    <system-err><![CDATA[Mar 21, 2025 10:31:07 AM org.openqa.selenium.devtools.CdpVersionFinder findNearestMatch
WARNING: Unable to find an exact match for CDP version 134, returning the closest version; found: 133; Please update to a Selenium version that supports CDP version 134
]]></system-err>
  </testcase>
</testsuite>