<?xml version="1.0" encoding="UTF-8"?>
<!-- Generated by org.testng.reporters.JUnitReportReporter -->
<testsuite hostname="NSK" failures="0" tests="6" name="runner.TestRunner" time="74.945" errors="0" timestamp="2025-03-21T12:16:05 IST" skipped="0">
  <testcase classname="runner.TestRunner" name="runScenario" time="6.521"/>
  <system-out/>
  <testcase classname="runner.TestRunner" name="runScenario" time="31.869"/>
  <system-out/>
  <testcase classname="runner.TestRunner" name="runScenario" time="9.252"/>
  <system-out/>
  <testcase classname="runner.TestRunner" name="runScenario" time="12.024"/>
  <system-out/>
  <testcase classname="runner.TestRunner" name="runScenario" time="8.841"/>
  <system-out/>
  <testcase classname="runner.TestRunner" name="runScenario" time="6.438"/>
  <system-out/>
</testsuite> <!-- runner.TestRunner -->
