<?xml version="1.0" encoding="UTF-8"?>
<!-- Generated by org.testng.reporters.JUnitReportReporter -->
<testsuite hostname="NSK" failures="0" tests="6" name="runner.TestRunner" time="76.775" errors="0" timestamp="2025-03-21T10:31:16 IST" skipped="0">
  <testcase classname="runner.TestRunner" name="runScenario" time="9.447"/>
  <system-out/>
  <testcase classname="runner.TestRunner" name="runScenario" time="12.812"/>
  <system-out/>
  <testcase classname="runner.TestRunner" name="runScenario" time="32.563"/>
  <system-out/>
  <testcase classname="runner.TestRunner" name="runScenario" time="6.532"/>
  <system-out/>
  <testcase classname="runner.TestRunner" name="runScenario" time="6.574"/>
  <system-out/>
  <testcase classname="runner.TestRunner" name="runScenario" time="8.847"/>
  <system-out/>
</testsuite> <!-- runner.TestRunner -->
